0 info it worked if it ends with ok
<<<<<<< HEAD
1 verbose cli [ '/usr/local/bin/node', '/usr/local/bin/npm', 'start' ]
2 info using npm@3.3.6
3 info using node@v5.0.0
=======
1 verbose cli [ '/usr/bin/nodejs', '/usr/bin/npm', 'start' ]
2 info using npm@3.7.3
3 info using node@v5.9.1
>>>>>>> cd30493b4f9d88a996263f7cc888e742ee49ff04
4 verbose run-script [ 'prestart', 'start', 'poststart' ]
5 info lifecycle elearning@0.0.1~prestart: elearning@0.0.1
6 silly lifecycle elearning@0.0.1~prestart: no script for prestart, continuing
7 info lifecycle elearning@0.0.1~start: elearning@0.0.1
8 verbose lifecycle elearning@0.0.1~start: unsafe-perm in lifecycle true
<<<<<<< HEAD
9 verbose lifecycle elearning@0.0.1~start: PATH: /usr/local/lib/node_modules/npm/bin/node-gyp-bin:/home/qhungnb/Documents/Nodejs/elearning/node_modules/.bin:/opt/cmake-3.3.2/bin:/usr/lib/ccache:/home/qhungnb/anaconda2/bin:/usr/local/heroku/bin:/usr/local/sbin:/usr/local/bin:/usr/sbin:/usr/bin:/sbin:/bin:/usr/games:/usr/local/games:/usr/lib/jvm/java-7-oracle/bin:/usr/lib/jvm/java-7-oracle/db/bin:/usr/lib/jvm/java-7-oracle/jre/bin:/home/qhungnb/ardupilot/Tools/autotest:/usr/local/lib/python2.7/dist-packages/MavProxy:/usr/local/lib/python2.7/dist-packages/pymavlink/examples:/home/qhungnb/jsbsim/src
10 verbose lifecycle elearning@0.0.1~start: CWD: /home/qhungnb/Documents/Nodejs/elearning
=======
9 verbose lifecycle elearning@0.0.1~start: PATH: /usr/lib/node_modules/npm/bin/node-gyp-bin:/home/luong/Workspace/nodejs/elearning/node_modules/.bin:/usr/bin:/usr/local/bin:/usr/local/heroku/bin:/home/luong/.rbenv/bin:/home/luong/.rbenv/plugins/ruby-build/bin:/home/luong/.rbenv/shims:/home/luong/.local/share/umake/bin:/usr/local/sbin:/usr/local/bin:/usr/sbin:/usr/bin:/sbin:/bin:/usr/games:/usr/local/games
10 verbose lifecycle elearning@0.0.1~start: CWD: /home/luong/Workspace/nodejs/elearning
>>>>>>> cd30493b4f9d88a996263f7cc888e742ee49ff04
11 silly lifecycle elearning@0.0.1~start: Args: [ '-c', 'node ./bin/www' ]
12 silly lifecycle elearning@0.0.1~start: Returned: code: 1  signal: null
13 info lifecycle elearning@0.0.1~start: Failed to exec start script
14 verbose stack Error: elearning@0.0.1 start: `node ./bin/www`
14 verbose stack Exit status 1
<<<<<<< HEAD
14 verbose stack     at EventEmitter.<anonymous> (/usr/local/lib/node_modules/npm/lib/utils/lifecycle.js:233:16)
14 verbose stack     at emitTwo (events.js:87:13)
14 verbose stack     at EventEmitter.emit (events.js:172:7)
14 verbose stack     at ChildProcess.<anonymous> (/usr/local/lib/node_modules/npm/lib/utils/spawn.js:24:14)
14 verbose stack     at emitTwo (events.js:87:13)
14 verbose stack     at ChildProcess.emit (events.js:172:7)
14 verbose stack     at maybeClose (internal/child_process.js:818:16)
14 verbose stack     at Process.ChildProcess._handle.onexit (internal/child_process.js:211:5)
15 verbose pkgid elearning@0.0.1
16 verbose cwd /home/qhungnb/Documents/Nodejs/elearning
17 error Linux 3.19.0-30-generic
18 error argv "/usr/local/bin/node" "/usr/local/bin/npm" "start"
19 error node v5.0.0
20 error npm  v3.3.6
=======
14 verbose stack     at EventEmitter.<anonymous> (/usr/lib/node_modules/npm/lib/utils/lifecycle.js:239:16)
14 verbose stack     at emitTwo (events.js:100:13)
14 verbose stack     at EventEmitter.emit (events.js:185:7)
14 verbose stack     at ChildProcess.<anonymous> (/usr/lib/node_modules/npm/lib/utils/spawn.js:24:14)
14 verbose stack     at emitTwo (events.js:100:13)
14 verbose stack     at ChildProcess.emit (events.js:185:7)
14 verbose stack     at maybeClose (internal/child_process.js:850:16)
14 verbose stack     at Process.ChildProcess._handle.onexit (internal/child_process.js:215:5)
15 verbose pkgid elearning@0.0.1
16 verbose cwd /home/luong/Workspace/nodejs/elearning
17 error Linux 3.19.0-32-generic
18 error argv "/usr/bin/nodejs" "/usr/bin/npm" "start"
19 error node v5.9.1
20 error npm  v3.7.3
>>>>>>> cd30493b4f9d88a996263f7cc888e742ee49ff04
21 error code ELIFECYCLE
22 error elearning@0.0.1 start: `node ./bin/www`
22 error Exit status 1
23 error Failed at the elearning@0.0.1 start script 'node ./bin/www'.
<<<<<<< HEAD
23 error This is most likely a problem with the elearning package,
23 error not with npm itself.
23 error Tell the author that this fails on your system:
23 error     node ./bin/www
23 error You can get their info via:
=======
23 error Make sure you have the latest version of node.js and npm installed.
23 error If you do, this is most likely a problem with the elearning package,
23 error not with npm itself.
23 error Tell the author that this fails on your system:
23 error     node ./bin/www
23 error You can get information on how to open an issue for this project with:
23 error     npm bugs elearning
23 error Or if that isn't available, you can get their info via:
>>>>>>> cd30493b4f9d88a996263f7cc888e742ee49ff04
23 error     npm owner ls elearning
23 error There is likely additional logging output above.
24 verbose exit [ 1, true ]
